<?xml version="1.0" encoding="UTF-8"?>
<testng-results skipped="0" failed="0" ignored="0" total="1" passed="1">
  <reporter-output>
  </reporter-output>
  <suite name="Suite" duration-ms="9530" started-at="2020-07-14T21:01:34 CEST" finished-at="2020-07-14T21:01:44 CEST">
    <groups>
    </groups>
    <test name="Test" duration-ms="9530" started-at="2020-07-14T21:01:34 CEST" finished-at="2020-07-14T21:01:44 CEST">
      <class name="cart.PickCartsTest">
        <test-method status="PASS" signature="setUp()[pri:0, instance:cart.PickCartsTest@72b6cbcc]" name="setUp" is-config="true" duration-ms="6046" started-at="2020-07-14T21:01:34 CEST" finished-at="2020-07-14T21:01:40 CEST">
          <reporter-output>
          </reporter-output>
        </test-method> <!-- setUp -->
        <test-method status="PASS" signature="logInNormal()[pri:0, instance:cart.PickCartsTest@72b6cbcc]" name="logInNormal" duration-ms="3424" started-at="2020-07-14T21:01:40 CEST" finished-at="2020-07-14T21:01:44 CEST">
          <reporter-output>
          </reporter-output>
        </test-method> <!-- logInNormal -->
      </class> <!-- cart.PickCartsTest -->
    </test> <!-- Test -->
  </suite> <!-- Suite -->
</testng-results>
